Using pre-set license
Built from '2021.1/staging' branch; Version is '2021.1.21f1 (f2d5d3c59f8c) revision 15914451'; Using compiler version '192528614'; Build Type 'Release'
OS: 'Windows 10 Pro; OS build 18363.418; Version 1909; 64bit' Language: 'en' Physical Memory: 16310 MB
BatchMode: 1, IsHumanControllingUs: 0, StartBugReporterOnCrash: 0, Is64bit: 1, IsPro: 0

COMMAND LINE ARGUMENTS:
E:\Unity\2021.1.21f1\Editor\Unity.exe
-adb2
-batchMode
-noUpm
-name
AssetImportWorker0
-projectPath
D:/Coding/BlockGame-main/BlockGame
-logFile
Logs/AssetImportWorker0.log
-srvPort
61631
Successfully changed project path to: D:/Coding/BlockGame-main/BlockGame
D:/Coding/BlockGame-main/BlockGame
Using Asset Import Pipeline V2.
Refreshing native plugins compatible for Editor in 72.49 ms, found 6 plugins.
Preloading 0 native plugins for Editor in 0.00 ms.
Initialize engine version: 2021.1.21f1 (f2d5d3c59f8c)
[Subsystems] Discovering subsystems at path E:/Unity/2021.1.21f1/Editor/Data/Resources/UnitySubsystems
[Subsystems] Discovering subsystems at path D:/Coding/BlockGame-main/BlockGame/Assets
GfxDevice: creating device client; threaded=0; jobified=0
Direct3D:
    Version:  Direct3D 11.0 [level 11.1]
    Renderer: AMD Radeon RX 6900 XT (ID=0x73af)
    Vendor:   ATI
    VRAM:     16338 MB
    Driver:   30.0.21023.1015
Initialize mono
Mono path[0] = 'E:/Unity/2021.1.21f1/Editor/Data/Managed'
Mono path[1] = 'E:/Unity/2021.1.21f1/Editor/Data/MonoBleedingEdge/lib/mono/unityjit'
Mono config path = 'E:/Unity/2021.1.21f1/Editor/Data/MonoBleedingEdge/etc'
Using monoOptions --debugger-agent=transport=dt_socket,embedding=1,server=y,suspend=n,address=127.0.0.1:56768
Begin MonoManager ReloadAssembly
Registering precompiled unity dll's ...
Register platform support module: E:/Unity/2021.1.21f1/Editor/Data/PlaybackEngines/WindowsStandaloneSupport/UnityEditor.WindowsStandalone.Extensions.dll
Registered in 0.000572 seconds.
Native extension for WindowsStandalone target not found
Refreshing native plugins compatible for Editor in 70.62 ms, found 6 plugins.
Preloading 0 native plugins for Editor in 0.00 ms.
Mono: successfully reloaded assembly
- Completed reload, in  0.935 seconds
Domain Reload Profiling:
	ReloadAssembly (936ms)
		BeginReloadAssembly (36ms)
			ExecutionOrderSort (0ms)
			DisableScriptedObjects (0ms)
			BackupInstance (0ms)
			ReleaseScriptingObjects (0ms)
			CreateAndSetChildDomain (1ms)
		EndReloadAssembly (306ms)
			LoadAssemblies (35ms)
			RebuildTransferFunctionScriptingTraits (0ms)
			SetupTypeCache (97ms)
			ReleaseScriptCaches (0ms)
			RebuildScriptCaches (17ms)
			SetupLoadedEditorAssemblies (162ms)
				LogAssemblyErrors (0ms)
				InitializePlatformSupportModulesInManaged (4ms)
				SetLoadedEditorAssemblies (0ms)
				RefreshPlugins (71ms)
				BeforeProcessingInitializeOnLoad (1ms)
				ProcessInitializeOnLoadAttributes (66ms)
				ProcessInitializeOnLoadMethodAttributes (20ms)
				AfterProcessingInitializeOnLoad (0ms)
				EditorAssembliesLoaded (0ms)
			ExecutionOrderSort2 (0ms)
			AwakeInstancesAfterBackupRestoration (0ms)
Platform modules already initialized, skipping
Registering precompiled user dll's ...
Registered in 0.003638 seconds.
Begin MonoManager ReloadAssembly
Symbol file LoadedFromMemory doesn't match image D:\Coding\BlockGame-main\BlockGame\Library\PackageCache\com.unity.visualscripting@1.6.1\Editor\VisualScripting.Core\Dependencies\YamlDotNet\Unity.VisualScripting.YamlDotNet.dll
Symbol file LoadedFromMemory doesn't match image D:\Coding\BlockGame-main\BlockGame\Library\PackageCache\com.unity.visualscripting@1.6.1\Editor\VisualScripting.Core\Dependencies\DotNetZip\Unity.VisualScripting.IonicZip.dll
Native extension for WindowsStandalone target not found
Refreshing native plugins compatible for Editor in 73.19 ms, found 6 plugins.
Preloading 0 native plugins for Editor in 0.00 ms.
Mono: successfully reloaded assembly
- Completed reload, in  0.854 seconds
Domain Reload Profiling:
	ReloadAssembly (855ms)
		BeginReloadAssembly (100ms)
			ExecutionOrderSort (0ms)
			DisableScriptedObjects (3ms)
			BackupInstance (0ms)
			ReleaseScriptingObjects (0ms)
			CreateAndSetChildDomain (14ms)
		EndReloadAssembly (720ms)
			LoadAssemblies (62ms)
			RebuildTransferFunctionScriptingTraits (0ms)
			SetupTypeCache (247ms)
			ReleaseScriptCaches (0ms)
			RebuildScriptCaches (35ms)
			SetupLoadedEditorAssemblies (307ms)
				LogAssemblyErrors (0ms)
				InitializePlatformSupportModulesInManaged (3ms)
				SetLoadedEditorAssemblies (0ms)
				RefreshPlugins (73ms)
				BeforeProcessingInitializeOnLoad (56ms)
				ProcessInitializeOnLoadAttributes (161ms)
				ProcessInitializeOnLoadMethodAttributes (12ms)
				AfterProcessingInitializeOnLoad (1ms)
				EditorAssembliesLoaded (0ms)
			ExecutionOrderSort2 (0ms)
			AwakeInstancesAfterBackupRestoration (5ms)
Platform modules already initialized, skipping
========================================================================
Worker process is ready to serve import requests
Launched and connected shader compiler UnityShaderCompiler.exe after 0.04 seconds
Refreshing native plugins compatible for Editor in 1.34 ms, found 6 plugins.
Preloading 0 native plugins for Editor in 0.00 ms.
Unloading 3713 Unused Serialized files (Serialized files now loaded: 0)
System memory in use before: 139.4 MB.
System memory in use after: 139.6 MB.

Unloading 47 unused Assets to reduce memory usage. Loaded Objects now: 4189.
Total: 2.626200 ms (FindLiveObjects: 0.236200 ms CreateObjectMapping: 0.076400 ms MarkObjects: 2.249100 ms  DeleteObjects: 0.063600 ms)

AssetImportParameters requested are different than current active one (requested -> active):
  custom:framework-win-MediaFoundation: 216162199b28c13a410421893ffa2e32 -> 
  custom:video-decoder-ogg-theora: a1e56fd34408186e4bbccfd4996cb3dc -> 
  custom:container-muxer-webm: aa71ff27fc2769a1b78a27578f13a17b -> 
  custom:container-demuxer-webm: 4f35f7cbe854078d1ac9338744f61a02 -> 
  custom:container-demuxer-ogg: 62fdf1f143b41e24485cea50d1cbac27 -> 
  custom:video-encoder-webm-vp8: eb34c28f22e8b96e1ab97ce403110664 -> 
  custom:video-decoder-webm-vp8: 9c59270c3fd7afecdb556c50c9e8de78 -> 
  custom:audio-decoder-ogg-vorbis: bf7c407c2cedff20999df2af8eb42d56 -> 
  custom:audio-encoder-webm-vorbis: bf7c407c2cedff20999df2af8eb42d56 -> 
========================================================================
Received Import Request.
  path: Assets/Scenes/SampleScene.unity
  artifactKey: Guid(2cda990e2423bbf4892e6590ba056729) Importer(2089858483,934ff659095e30574adcf32a4c2f97b5)
Start importing Assets/Scenes/SampleScene.unity using Guid(2cda990e2423bbf4892e6590ba056729) Importer(2089858483,934ff659095e30574adcf32a4c2f97b5)  -> (artifact id: '04250190b3ac65d2482010b4d196a824') in 0.039002 seconds 
========================================================================
Received Import Request.
  Time since last request: 0.000150 seconds.
  path: Assets/TextMesh Pro/Shaders/TMPro.cginc
  artifactKey: Guid(407bc68d299748449bbf7f48ee690f8d) Importer(2089858483,934ff659095e30574adcf32a4c2f97b5)
Start importing Assets/TextMesh Pro/Shaders/TMPro.cginc using Guid(407bc68d299748449bbf7f48ee690f8d) Importer(2089858483,934ff659095e30574adcf32a4c2f97b5)  -> (artifact id: '2ddfe49b6e3a42479f43f5724816bfc9') in 0.016875 seconds 
========================================================================
Received Import Request.
  Time since last request: 0.000105 seconds.
  path: Assets/Prefab/btnYellow.prefab
  artifactKey: Guid(a39de70e3cf74b94799b492970a029e4) Importer(2089858483,934ff659095e30574adcf32a4c2f97b5)
Start importing Assets/Prefab/btnYellow.prefab using Guid(a39de70e3cf74b94799b492970a029e4) Importer(2089858483,934ff659095e30574adcf32a4c2f97b5)  -> (artifact id: '84f79c651bb211dde33612a5f339b9bb') in 0.004736 seconds 
========================================================================
Received Import Request.
  Time since last request: 0.000126 seconds.
  path: Assets/RoundedSquare.png
  artifactKey: Guid(805d2cc1fad26614eb672a5d9913ec8f) Importer(2089858483,934ff659095e30574adcf32a4c2f97b5)
Start importing Assets/RoundedSquare.png using Guid(805d2cc1fad26614eb672a5d9913ec8f) Importer(2089858483,934ff659095e30574adcf32a4c2f97b5)  -> (artifact id: '502681874c22d991648254e529f101cf') in 0.013084 seconds 
========================================================================
Received Import Request.
  Time since last request: 0.000118 seconds.
  path: Assets/Plugins/GitHub/Editor/GitHub.UnityShim.dll
  artifactKey: Guid(863e1b9976c4e46d29bf83928b3a8ab2) Importer(2089858483,934ff659095e30574adcf32a4c2f97b5)
Start importing Assets/Plugins/GitHub/Editor/GitHub.UnityShim.dll using Guid(863e1b9976c4e46d29bf83928b3a8ab2) Importer(2089858483,934ff659095e30574adcf32a4c2f97b5)  -> (artifact id: '6220d271d7b364bf501c9996a76d6529') in 0.008178 seconds 
========================================================================
Received Import Request.
  Time since last request: 0.000132 seconds.
  path: Assets/Plugins/GitHub/Editor/ExtensionLoader.cs
  artifactKey: Guid(dae2ecee8a704dd59797e26554ff8606) Importer(2089858483,934ff659095e30574adcf32a4c2f97b5)
Start importing Assets/Plugins/GitHub/Editor/ExtensionLoader.cs using Guid(dae2ecee8a704dd59797e26554ff8606) Importer(2089858483,934ff659095e30574adcf32a4c2f97b5)  -> (artifact id: '42c4311294162546ba8e36f5123de822') in 0.005420 seconds 
========================================================================
Received Import Request.
  Time since last request: 0.000098 seconds.
  path: Assets/Prefab/btnGreen.prefab
  artifactKey: Guid(11cad7b7c5e113e4783de021f34ff9ec) Importer(2089858483,934ff659095e30574adcf32a4c2f97b5)
Start importing Assets/Prefab/btnGreen.prefab using Guid(11cad7b7c5e113e4783de021f34ff9ec) Importer(2089858483,934ff659095e30574adcf32a4c2f97b5)  -> (artifact id: 'eb597d5b75323ac9acdc24f2fe7d8337') in 0.002755 seconds 
========================================================================
Received Import Request.
  Time since last request: 0.000090 seconds.
  path: Assets/Plugins/GitHub/Editor/big-logo@2x.png
  artifactKey: Guid(f81094832d834c64d93b198cb16b6a3e) Importer(2089858483,934ff659095e30574adcf32a4c2f97b5)
Start importing Assets/Plugins/GitHub/Editor/big-logo@2x.png using Guid(f81094832d834c64d93b198cb16b6a3e) Importer(2089858483,934ff659095e30574adcf32a4c2f97b5)  -> (artifact id: 'd354b0b43ad2ded10462e70f79affdf2') in 0.002549 seconds 
========================================================================
Received Import Request.
  Time since last request: 0.000097 seconds.
  path: Assets/Prefab/btnCyan.prefab
  artifactKey: Guid(1409d16093b44b849b37f40076c4e549) Importer(2089858483,934ff659095e30574adcf32a4c2f97b5)
Start importing Assets/Prefab/btnCyan.prefab using Guid(1409d16093b44b849b37f40076c4e549) Importer(2089858483,934ff659095e30574adcf32a4c2f97b5)  -> (artifact id: '0a9302435f9d4cadbc65ac37e655504f') in 0.001959 seconds 
========================================================================
Received Import Request.
  Time since last request: 0.000106 seconds.
  path: Assets/TextMesh Pro/Shaders/TMPro_Properties.cginc
  artifactKey: Guid(3997e2241185407d80309a82f9148466) Importer(2089858483,934ff659095e30574adcf32a4c2f97b5)
Start importing Assets/TextMesh Pro/Shaders/TMPro_Properties.cginc using Guid(3997e2241185407d80309a82f9148466) Importer(2089858483,934ff659095e30574adcf32a4c2f97b5)  -> (artifact id: 'fcec01a1e6b153a15f0f6ecf3b2736bb') in 0.003132 seconds 
========================================================================
Received Import Request.
  Time since last request: 0.000080 seconds.
  path: Assets/TextMesh Pro/Resources/Fonts & Materials/LiberationSans SDF - Fallback.asset
  artifactKey: Guid(2e498d1c8094910479dc3e1b768306a4) Importer(2089858483,934ff659095e30574adcf32a4c2f97b5)
Start importing Assets/TextMesh Pro/Resources/Fonts & Materials/LiberationSans SDF - Fallback.asset using Guid(2e498d1c8094910479dc3e1b768306a4) Importer(2089858483,934ff659095e30574adcf32a4c2f97b5)  -> (artifact id: '13a0084cc75970dd9bb35727785cf891') in 0.026909 seconds 
========================================================================
Received Import Request.
  Time since last request: 0.000097 seconds.
  path: Assets/Plugins/GitHub/Editor/x64/sfw_x64.dll
  artifactKey: Guid(fe5abeadcbe591e4fa9107fbc02f3998) Importer(2089858483,934ff659095e30574adcf32a4c2f97b5)
Start importing Assets/Plugins/GitHub/Editor/x64/sfw_x64.dll using Guid(fe5abeadcbe591e4fa9107fbc02f3998) Importer(2089858483,934ff659095e30574adcf32a4c2f97b5)  -> (artifact id: 'e33529e683faba761d05bfe439065082') in 0.003508 seconds 
========================================================================
Received Import Request.
  Time since last request: 0.000089 seconds.
  path: Assets/Plugins/GitHub/Editor/sfw.net.dll
  artifactKey: Guid(f9fc9b08ecd899944adf9860b4abd6b6) Importer(2089858483,934ff659095e30574adcf32a4c2f97b5)
Start importing Assets/Plugins/GitHub/Editor/sfw.net.dll using Guid(f9fc9b08ecd899944adf9860b4abd6b6) Importer(2089858483,934ff659095e30574adcf32a4c2f97b5)  -> (artifact id: '8eb9a02d464538879855111a730d5e0b') in 0.002081 seconds 
========================================================================
Received Import Request.
  Time since last request: 0.000092 seconds.
  path: Assets/TextMesh Pro/Sprites/EmojiOne.png
  artifactKey: Guid(dffef66376be4fa480fb02b19edbe903) Importer(2089858483,934ff659095e30574adcf32a4c2f97b5)
Start importing Assets/TextMesh Pro/Sprites/EmojiOne.png using Guid(dffef66376be4fa480fb02b19edbe903) Importer(2089858483,934ff659095e30574adcf32a4c2f97b5)  -> (artifact id: 'ea4aa6b5d9a47c10ad18b7a4737b2bf3') in 0.002529 seconds 
========================================================================
Received Import Request.
  Time since last request: 0.000101 seconds.
  path: Assets/Prefab/btnOrange.prefab
  artifactKey: Guid(8aec414e6aafb6f4dbaeef45231f8433) Importer(2089858483,934ff659095e30574adcf32a4c2f97b5)
Start importing Assets/Prefab/btnOrange.prefab using Guid(8aec414e6aafb6f4dbaeef45231f8433) Importer(2089858483,934ff659095e30574adcf32a4c2f97b5)  -> (artifact id: '8660a3364d996f2fbb51dde97e4f135e') in 0.001964 seconds 
========================================================================
Received Import Request.
  Time since last request: 0.000094 seconds.
  path: Assets/Plugins/GitHub/Editor/QuickGuide.pdf
  artifactKey: Guid(d601ecb6855bb432bae2aa49d8fd82e8) Importer(2089858483,934ff659095e30574adcf32a4c2f97b5)
Start importing Assets/Plugins/GitHub/Editor/QuickGuide.pdf using Guid(d601ecb6855bb432bae2aa49d8fd82e8) Importer(2089858483,934ff659095e30574adcf32a4c2f97b5)  -> (artifact id: '6c5234a8cb80e92a42b1b15548706f5a') in 0.004748 seconds 
========================================================================
Received Import Request.
  Time since last request: 0.000085 seconds.
  path: Assets/TextMesh Pro/Sprites/EmojiOne Attribution.txt
  artifactKey: Guid(381dcb09d5029d14897e55f98031fca5) Importer(2089858483,934ff659095e30574adcf32a4c2f97b5)
Start importing Assets/TextMesh Pro/Sprites/EmojiOne Attribution.txt using Guid(381dcb09d5029d14897e55f98031fca5) Importer(2089858483,934ff659095e30574adcf32a4c2f97b5)  -> (artifact id: '98c843c2d98a361e5d43e582e9c36ebb') in 0.004010 seconds 
========================================================================
Received Import Request.
  Time since last request: 0.000083 seconds.
  path: Assets/Plugins/GitHub/Editor/GitHub.Logging.dll.mdb
  artifactKey: Guid(23c8bee69b591054094d32918f98facd) Importer(2089858483,934ff659095e30574adcf32a4c2f97b5)
Start importing Assets/Plugins/GitHub/Editor/GitHub.Logging.dll.mdb using Guid(23c8bee69b591054094d32918f98facd) Importer(2089858483,934ff659095e30574adcf32a4c2f97b5)  -> (artifact id: '7dc7be7fe761780e94225cd208c645c5') in 0.004093 seconds 
========================================================================
Received Import Request.
  Time since last request: 0.000090 seconds.
  path: Assets/TextMesh Pro/Shaders/TMP_SDF-Surface-Mobile.shader
  artifactKey: Guid(85187c2149c549c5b33f0cdb02836b17) Importer(2089858483,934ff659095e30574adcf32a4c2f97b5)
Start importing Assets/TextMesh Pro/Shaders/TMP_SDF-Surface-Mobile.shader using Guid(85187c2149c549c5b33f0cdb02836b17) Importer(2089858483,934ff659095e30574adcf32a4c2f97b5)  -> (artifact id: 'b5ab3492330a73d307861176283b116f') in 0.003723 seconds 
========================================================================
Received Import Request.
  Time since last request: 0.000104 seconds.
  path: Assets/TextMesh Pro/Fonts/LiberationSans.ttf
  artifactKey: Guid(e3265ab4bf004d28a9537516768c1c75) Importer(2089858483,934ff659095e30574adcf32a4c2f97b5)
Start importing Assets/TextMesh Pro/Fonts/LiberationSans.ttf using Guid(e3265ab4bf004d28a9537516768c1c75) Importer(2089858483,934ff659095e30574adcf32a4c2f97b5)  -> (artifact id: '9132e6704ebd3c909f65159b683cb59f') in 0.012503 seconds 
========================================================================
Received Import Request.
  Time since last request: 0.000123 seconds.
  path: Assets/Tiles.cs
  artifactKey: Guid(d2a25381fd31f784c9a467e32518313c) Importer(2089858483,934ff659095e30574adcf32a4c2f97b5)
Start importing Assets/Tiles.cs using Guid(d2a25381fd31f784c9a467e32518313c) Importer(2089858483,934ff659095e30574adcf32a4c2f97b5)  -> (artifact id: '28b311daf0a9f412fc0863c6a9c13c35') in 0.002131 seconds 
========================================================================
Received Import Request.
  Time since last request: 0.000109 seconds.
  path: Assets/Plugins/GitHub/Editor/GitHub.UnityShim.dll.mdb
  artifactKey: Guid(1186e0491049e40ba8e7e19e418d9e8e) Importer(2089858483,934ff659095e30574adcf32a4c2f97b5)
Start importing Assets/Plugins/GitHub/Editor/GitHub.UnityShim.dll.mdb using Guid(1186e0491049e40ba8e7e19e418d9e8e) Importer(2089858483,934ff659095e30574adcf32a4c2f97b5)  -> (artifact id: '9369fa45ded49dda239054a4d98392d1') in 0.002269 seconds 
========================================================================
Received Import Request.
  Time since last request: 0.000084 seconds.
  path: Assets/Plugins/GitHub/Editor/GitHub.Unity.dll.mdb
  artifactKey: Guid(2590b98e5cafc4e32b61170d7b917ee6) Importer(2089858483,934ff659095e30574adcf32a4c2f97b5)
Start importing Assets/Plugins/GitHub/Editor/GitHub.Unity.dll.mdb using Guid(2590b98e5cafc4e32b61170d7b917ee6) Importer(2089858483,934ff659095e30574adcf32a4c2f97b5)  -> (artifact id: 'ea4989609fbd9e843a6bf41fde728d1d') in 0.003046 seconds 
========================================================================
Received Import Request.
  Time since last request: 0.000097 seconds.
  path: Assets/Prefab/Square.prefab
  artifactKey: Guid(dee9b60043292e34f976607d0fa07651) Importer(2089858483,934ff659095e30574adcf32a4c2f97b5)
Start importing Assets/Prefab/Square.prefab using Guid(dee9b60043292e34f976607d0fa07651) Importer(2089858483,934ff659095e30574adcf32a4c2f97b5)  -> (artifact id: '690f7abc3ea629b5a6a21245b7f8348a') in 0.002128 seconds 
========================================================================
Received Import Request.
  Time since last request: 0.000099 seconds.
  path: Assets/TextMesh Pro/Documentation/TextMesh Pro User Guide 2016.pdf
  artifactKey: Guid(1b8d251f9af63b746bf2f7ffe00ebb9b) Importer(2089858483,934ff659095e30574adcf32a4c2f97b5)
Start importing Assets/TextMesh Pro/Documentation/TextMesh Pro User Guide 2016.pdf using Guid(1b8d251f9af63b746bf2f7ffe00ebb9b) Importer(2089858483,934ff659095e30574adcf32a4c2f97b5)  -> (artifact id: 'ef1baddbd92620fa5c4d579a930817cc') in 0.003493 seconds 
========================================================================
Received Import Request.
  Time since last request: 0.000088 seconds.
  path: Assets/TextMesh Pro/Resources/Fonts & Materials/LiberationSans SDF - Drop Shadow.mat
  artifactKey: Guid(e73a58f6e2794ae7b1b7e50b7fb811b0) Importer(2089858483,934ff659095e30574adcf32a4c2f97b5)
Start importing Assets/TextMesh Pro/Resources/Fonts & Materials/LiberationSans SDF - Drop Shadow.mat using Guid(e73a58f6e2794ae7b1b7e50b7fb811b0) Importer(2089858483,934ff659095e30574adcf32a4c2f97b5)  -> (artifact id: '1e68382492968c649ebf005572335e92') in 0.004825 seconds 
========================================================================
Received Import Request.
  Time since last request: 0.000083 seconds.
  path: Assets/Plugins/GitHub/Editor/GitHub.Api.dll
  artifactKey: Guid(c743ae24ee231884887054d20ccdd0ae) Importer(2089858483,934ff659095e30574adcf32a4c2f97b5)
Start importing Assets/Plugins/GitHub/Editor/GitHub.Api.dll using Guid(c743ae24ee231884887054d20ccdd0ae) Importer(2089858483,934ff659095e30574adcf32a4c2f97b5)  -> (artifact id: '8cfac67932fd017cdad11755baf2d5ab') in 0.002143 seconds 
========================================================================
Received Import Request.
  Time since last request: 0.000092 seconds.
  path: Assets/Plugins/GitHub/Editor/credits.txt
  artifactKey: Guid(0188ec438976e5849b40a2c1ce5f20f9) Importer(2089858483,934ff659095e30574adcf32a4c2f97b5)
Start importing Assets/Plugins/GitHub/Editor/credits.txt using Guid(0188ec438976e5849b40a2c1ce5f20f9) Importer(2089858483,934ff659095e30574adcf32a4c2f97b5)  -> (artifact id: '1749fd5a9df9233e6f5b32482d3e43e2') in 0.002414 seconds 
========================================================================
Received Import Request.
  Time since last request: 0.000147 seconds.
  path: Assets/Plugins/GitHub/Editor/GitHub.Api.45.dll
  artifactKey: Guid(c743ae24ee231884887054d20ccdd0ab) Importer(2089858483,934ff659095e30574adcf32a4c2f97b5)
Start importing Assets/Plugins/GitHub/Editor/GitHub.Api.45.dll using Guid(c743ae24ee231884887054d20ccdd0ab) Importer(2089858483,934ff659095e30574adcf32a4c2f97b5)  -> (artifact id: '4fd93d2818d4d4b8a3be1bf2562fc78e') in 0.003589 seconds 
========================================================================
Received Import Request.
  Time since last request: 0.000155 seconds.
  path: Assets/wtf.cs
  artifactKey: Guid(e5419128c3c2e9a4cb984f7f5d962ccf) Importer(2089858483,934ff659095e30574adcf32a4c2f97b5)
Start importing Assets/wtf.cs using Guid(e5419128c3c2e9a4cb984f7f5d962ccf) Importer(2089858483,934ff659095e30574adcf32a4c2f97b5)  -> (artifact id: '0c31daf8541b6959a18799fcdb9d3c50') in 0.002141 seconds 
========================================================================
Received Import Request.
  Time since last request: 0.000133 seconds.
  path: Assets/Plugins/GitHub/Editor/GitHub.Api.dll.mdb
  artifactKey: Guid(c5c83d14802e712408f23409f3c59e26) Importer(2089858483,934ff659095e30574adcf32a4c2f97b5)
Start importing Assets/Plugins/GitHub/Editor/GitHub.Api.dll.mdb using Guid(c5c83d14802e712408f23409f3c59e26) Importer(2089858483,934ff659095e30574adcf32a4c2f97b5)  -> (artifact id: 'e744d1251cf7451ccd7ec1ed38778318') in 0.003389 seconds 
========================================================================
Received Import Request.
  Time since last request: 0.000113 seconds.
  path: Assets/Plugins/GitHub/Editor/Mono.Posix.dll
  artifactKey: Guid(ddb8611e748af425a82a497ac5a98c0c) Importer(2089858483,934ff659095e30574adcf32a4c2f97b5)
Start importing Assets/Plugins/GitHub/Editor/Mono.Posix.dll using Guid(ddb8611e748af425a82a497ac5a98c0c) Importer(2089858483,934ff659095e30574adcf32a4c2f97b5)  -> (artifact id: '9cf6b379e189bedf96d370b810736fe1') in 0.002198 seconds 
========================================================================
Received Import Request.
  Time since last request: 0.000096 seconds.
  path: Assets/TextMesh Pro/Shaders/TMP_SDF.shader
  artifactKey: Guid(68e6db2ebdc24f95958faec2be5558d6) Importer(2089858483,934ff659095e30574adcf32a4c2f97b5)
Start importing Assets/TextMesh Pro/Shaders/TMP_SDF.shader using Guid(68e6db2ebdc24f95958faec2be5558d6) Importer(2089858483,934ff659095e30574adcf32a4c2f97b5)  -> (artifact id: 'b6c72d147247a7d0d9203ef2bd76e332') in 0.003159 seconds 
========================================================================
Received Import Request.
  Time since last request: 0.000139 seconds.
  path: Assets/Plugins/GitHub/Editor/ReadOnlyCollectionsInterfaces.dll
  artifactKey: Guid(48c22d5d7479fcb49ab3be0cdd2ccec0) Importer(2089858483,934ff659095e30574adcf32a4c2f97b5)
Start importing Assets/Plugins/GitHub/Editor/ReadOnlyCollectionsInterfaces.dll using Guid(48c22d5d7479fcb49ab3be0cdd2ccec0) Importer(2089858483,934ff659095e30574adcf32a4c2f97b5)  -> (artifact id: '37a7957a59df297fd70740473c9efc7f') in 0.003077 seconds 
========================================================================
Received Import Request.
  Time since last request: 0.000092 seconds.
  path: Assets/Plugins/GitHub/Editor/GitHub.Unity.45.dll.mdb
  artifactKey: Guid(877ef3585573ce44eab899298be23158) Importer(2089858483,934ff659095e30574adcf32a4c2f97b5)
Start importing Assets/Plugins/GitHub/Editor/GitHub.Unity.45.dll.mdb using Guid(877ef3585573ce44eab899298be23158) Importer(2089858483,934ff659095e30574adcf32a4c2f97b5)  -> (artifact id: 'fa494ead4a0149dd7be22d08feffcf4d') in 0.002317 seconds 
========================================================================
Received Import Request.
  Time since last request: 0.000296 seconds.
  path: Assets/Plugins/GitHub/Editor/GitHub.Api.45.dll.mdb
  artifactKey: Guid(181f65fb096cedd4493bc9971257d8b1) Importer(2089858483,934ff659095e30574adcf32a4c2f97b5)
Start importing Assets/Plugins/GitHub/Editor/GitHub.Api.45.dll.mdb using Guid(181f65fb096cedd4493bc9971257d8b1) Importer(2089858483,934ff659095e30574adcf32a4c2f97b5)  -> (artifact id: 'fed1c95447978ab4b916baf96108f21f') in 0.004337 seconds 
========================================================================
Received Import Request.
  Time since last request: 0.000133 seconds.
  path: Assets/Plugins/GitHub/Editor/libsfw.bundle
  artifactKey: Guid(636d33ae594884e7d80b569f429d245d) Importer(2089858483,934ff659095e30574adcf32a4c2f97b5)
Start importing Assets/Plugins/GitHub/Editor/libsfw.bundle using Guid(636d33ae594884e7d80b569f429d245d) Importer(2089858483,934ff659095e30574adcf32a4c2f97b5)  -> (artifact id: '062be3c75a82bd8ed7ce1c9c18115703') in 0.003874 seconds 
========================================================================
Received Import Request.
  Time since last request: 0.000123 seconds.
  path: Assets/TextMesh Pro/Resources/TMP Settings.asset
  artifactKey: Guid(3f5b5dff67a942289a9defa416b206f3) Importer(2089858483,934ff659095e30574adcf32a4c2f97b5)
Start importing Assets/TextMesh Pro/Resources/TMP Settings.asset using Guid(3f5b5dff67a942289a9defa416b206f3) Importer(2089858483,934ff659095e30574adcf32a4c2f97b5)  -> (artifact id: '01b55bf7c7670d37a76f8b63031bdf08') in 0.024748 seconds 
========================================================================
Received Import Request.
  Time since last request: 0.000088 seconds.
  path: Assets/TextMesh Pro/Resources/Fonts & Materials/LiberationSans SDF - Outline.mat
  artifactKey: Guid(79459efec17a4d00a321bdcc27bbc385) Importer(2089858483,934ff659095e30574adcf32a4c2f97b5)
Start importing Assets/TextMesh Pro/Resources/Fonts & Materials/LiberationSans SDF - Outline.mat using Guid(79459efec17a4d00a321bdcc27bbc385) Importer(2089858483,934ff659095e30574adcf32a4c2f97b5)  -> (artifact id: '7d9e232245681b7cd2dc1586e655b66e') in 0.002263 seconds 
========================================================================
Received Import Request.
  Time since last request: 0.000091 seconds.
  path: Assets/Prefab/btnBlue.prefab
  artifactKey: Guid(a47f6422b48f2dd479fae62278af2d2a) Importer(2089858483,934ff659095e30574adcf32a4c2f97b5)
Start importing Assets/Prefab/btnBlue.prefab using Guid(a47f6422b48f2dd479fae62278af2d2a) Importer(2089858483,934ff659095e30574adcf32a4c2f97b5)  -> (artifact id: '0a1fe4930d363563c2d93ad6bac049c5') in 0.002425 seconds 
========================================================================
Received Import Request.
  Time since last request: 0.000091 seconds.
  path: Assets/TextMesh Pro/Fonts/LiberationSans - OFL.txt
  artifactKey: Guid(6e59c59b81ab47f9b6ec5781fa725d2c) Importer(2089858483,934ff659095e30574adcf32a4c2f97b5)
Start importing Assets/TextMesh Pro/Fonts/LiberationSans - OFL.txt using Guid(6e59c59b81ab47f9b6ec5781fa725d2c) Importer(2089858483,934ff659095e30574adcf32a4c2f97b5)  -> (artifact id: '175d55c474f9987c6e58146082951102') in 0.002346 seconds 
========================================================================
Received Import Request.
  Time since last request: 0.000100 seconds.
  path: Assets/TextMesh Pro/Shaders/TMP_SDF-Mobile Masking.shader
  artifactKey: Guid(bc1ede39bf3643ee8e493720e4259791) Importer(2089858483,934ff659095e30574adcf32a4c2f97b5)
Start importing Assets/TextMesh Pro/Shaders/TMP_SDF-Mobile Masking.shader using Guid(bc1ede39bf3643ee8e493720e4259791) Importer(2089858483,934ff659095e30574adcf32a4c2f97b5)  -> (artifact id: '3c7b4068f5ab685ca0f7e87bcd862513') in 0.002826 seconds 
========================================================================
Received Import Request.
  Time since last request: 0.000157 seconds.
  path: Assets/TextMesh Pro/Resources/LineBreaking Following Characters.txt
  artifactKey: Guid(fade42e8bc714b018fac513c043d323b) Importer(2089858483,934ff659095e30574adcf32a4c2f97b5)
Start importing Assets/TextMesh Pro/Resources/LineBreaking Following Characters.txt using Guid(fade42e8bc714b018fac513c043d323b) Importer(2089858483,934ff659095e30574adcf32a4c2f97b5)  -> (artifact id: '9ff1a0037bdbe18d3ad15278992bbd62') in 0.002613 seconds 
========================================================================
Received Import Request.
  Time since last request: 0.000142 seconds.
  path: Assets/TextMesh Pro/Shaders/TMPro_Surface.cginc
  artifactKey: Guid(d930090c0cd643c7b55f19a38538c162) Importer(2089858483,934ff659095e30574adcf32a4c2f97b5)
Start importing Assets/TextMesh Pro/Shaders/TMPro_Surface.cginc using Guid(d930090c0cd643c7b55f19a38538c162) Importer(2089858483,934ff659095e30574adcf32a4c2f97b5)  -> (artifact id: 'e6ca7d7550ad3b58a1e9e1b6ded46383') in 0.003970 seconds 
========================================================================
Received Import Request.
  Time since last request: 0.000134 seconds.
  path: Assets/TextMesh Pro/Resources/Sprite Assets/EmojiOne.asset
  artifactKey: Guid(c41005c129ba4d66911b75229fd70b45) Importer(2089858483,934ff659095e30574adcf32a4c2f97b5)
Start importing Assets/TextMesh Pro/Resources/Sprite Assets/EmojiOne.asset using Guid(c41005c129ba4d66911b75229fd70b45) Importer(2089858483,934ff659095e30574adcf32a4c2f97b5)  -> (artifact id: 'c5fc7e7dfad68e05730dfe4e171d4aeb') in 0.005232 seconds 
========================================================================
Received Import Request.
  Time since last request: 0.000108 seconds.
  path: Assets/Plugins/GitHub/Editor/UnityAPIWrapper.cs
  artifactKey: Guid(555cd6f54c03341b1970d950df1a5ee5) Importer(2089858483,934ff659095e30574adcf32a4c2f97b5)
Start importing Assets/Plugins/GitHub/Editor/UnityAPIWrapper.cs using Guid(555cd6f54c03341b1970d950df1a5ee5) Importer(2089858483,934ff659095e30574adcf32a4c2f97b5)  -> (artifact id: 'd968289cce0148450e5ff9572f2412c9') in 0.003235 seconds 
========================================================================
Received Import Request.
  Time since last request: 0.000141 seconds.
  path: Assets/Plugins/GitHub/Editor/System.Threading.dll
  artifactKey: Guid(790749ba7e4b18141953e39cb13f1b79) Importer(2089858483,934ff659095e30574adcf32a4c2f97b5)
Start importing Assets/Plugins/GitHub/Editor/System.Threading.dll using Guid(790749ba7e4b18141953e39cb13f1b79) Importer(2089858483,934ff659095e30574adcf32a4c2f97b5)  -> (artifact id: '32182129b236b33110dbb35c3e2d7664') in 0.003189 seconds 
========================================================================
Received Import Request.
  Time since last request: 0.000131 seconds.
  path: Assets/Grid.cs
  artifactKey: Guid(1e75ede98855bc84dab9b8c5cd0d8e81) Importer(2089858483,934ff659095e30574adcf32a4c2f97b5)
Start importing Assets/Grid.cs using Guid(1e75ede98855bc84dab9b8c5cd0d8e81) Importer(2089858483,934ff659095e30574adcf32a4c2f97b5)  -> (artifact id: '582b1d61327d6f0d688a56c4c4560505') in 0.003233 seconds 
========================================================================
Received Import Request.
  Time since last request: 0.000094 seconds.
  path: Assets/TextMesh Pro/Sprites/EmojiOne.json
  artifactKey: Guid(8f05276190cf498a8153f6cbe761d4e6) Importer(2089858483,934ff659095e30574adcf32a4c2f97b5)
Start importing Assets/TextMesh Pro/Sprites/EmojiOne.json using Guid(8f05276190cf498a8153f6cbe761d4e6) Importer(2089858483,934ff659095e30574adcf32a4c2f97b5)  -> (artifact id: '598a2e66c5ed223ad0af2b4853a4d6c1') in 0.007610 seconds 
========================================================================
Received Import Request.
  Time since last request: 0.000173 seconds.
  path: Assets/TextMesh Pro/Shaders/TMP_SDF-Mobile SSD.shader
  artifactKey: Guid(c8d12adcee749c344b8117cf7c7eb912) Importer(2089858483,934ff659095e30574adcf32a4c2f97b5)
Start importing Assets/TextMesh Pro/Shaders/TMP_SDF-Mobile SSD.shader using Guid(c8d12adcee749c344b8117cf7c7eb912) Importer(2089858483,934ff659095e30574adcf32a4c2f97b5)  -> (artifact id: 'dcb565c5692d06df7e6a26d632706321') in 0.003443 seconds 
========================================================================
Received Import Request.
  Time since last request: 0.000087 seconds.
  path: Assets/TextMesh Pro/Resources/Style Sheets/Default Style Sheet.asset
  artifactKey: Guid(f952c082cb03451daed3ee968ac6c63e) Importer(2089858483,934ff659095e30574adcf32a4c2f97b5)
Start importing Assets/TextMesh Pro/Resources/Style Sheets/Default Style Sheet.asset using Guid(f952c082cb03451daed3ee968ac6c63e) Importer(2089858483,934ff659095e30574adcf32a4c2f97b5)  -> (artifact id: 'e77f14de04a0d772e46d279c724817aa') in 0.002781 seconds 
========================================================================
Received Import Request.
  Time since last request: 0.000090 seconds.
  path: Assets/Plugins/GitHub/Editor/x86/pthreadVC2.dll
  artifactKey: Guid(151a1d946b98deb4b98445400983ba92) Importer(2089858483,934ff659095e30574adcf32a4c2f97b5)
Start importing Assets/Plugins/GitHub/Editor/x86/pthreadVC2.dll using Guid(151a1d946b98deb4b98445400983ba92) Importer(2089858483,934ff659095e30574adcf32a4c2f97b5)  -> (artifact id: '8d808d6008f9f248443a9a26808eb63a') in 0.002634 seconds 
========================================================================
Received Import Request.
  Time since last request: 0.000125 seconds.
  path: Assets/TextMesh Pro/Shaders/TMP_SDF-Mobile.shader
  artifactKey: Guid(fe393ace9b354375a9cb14cdbbc28be4) Importer(2089858483,934ff659095e30574adcf32a4c2f97b5)
Start importing Assets/TextMesh Pro/Shaders/TMP_SDF-Mobile.shader using Guid(fe393ace9b354375a9cb14cdbbc28be4) Importer(2089858483,934ff659095e30574adcf32a4c2f97b5)  -> (artifact id: '9a7687835b6b05d5089ed2154d17f7bc') in 0.003572 seconds 
========================================================================
Received Import Request.
  Time since last request: 0.000092 seconds.
  path: Assets/Plugins/GitHub/Editor/x86/sfw_x86.dll
  artifactKey: Guid(a83159a46d87d2a4f8cec651049b9231) Importer(2089858483,934ff659095e30574adcf32a4c2f97b5)
Start importing Assets/Plugins/GitHub/Editor/x86/sfw_x86.dll using Guid(a83159a46d87d2a4f8cec651049b9231) Importer(2089858483,934ff659095e30574adcf32a4c2f97b5)  -> (artifact id: 'cf400130db530f08fecde0da2c3318fd') in 0.002067 seconds 
========================================================================
Received Import Request.
  Time since last request: 0.000100 seconds.
  path: Assets/Prefab/btnPurple.prefab
  artifactKey: Guid(90b923fd462307d4cb09a029a637f716) Importer(2089858483,934ff659095e30574adcf32a4c2f97b5)
Start importing Assets/Prefab/btnPurple.prefab using Guid(90b923fd462307d4cb09a029a637f716) Importer(2089858483,934ff659095e30574adcf32a4c2f97b5)  -> (artifact id: 'cb157d6e7c984f2eb3a3bf3fd731a14b') in 0.001997 seconds 
========================================================================
Received Import Request.
  Time since last request: 0.000085 seconds.
  path: Assets/TextMesh Pro/Shaders/TMP_Sprite.shader
  artifactKey: Guid(cf81c85f95fe47e1a27f6ae460cf182c) Importer(2089858483,934ff659095e30574adcf32a4c2f97b5)
Start importing Assets/TextMesh Pro/Shaders/TMP_Sprite.shader using Guid(cf81c85f95fe47e1a27f6ae460cf182c) Importer(2089858483,934ff659095e30574adcf32a4c2f97b5)  -> (artifact id: '892716bb52f7ffafe41b0c8c0fa358c5') in 0.002476 seconds 
========================================================================
Received Import Request.
  Time since last request: 0.000083 seconds.
  path: Assets/TextMeshProHUI.cs
  artifactKey: Guid(9d4387d6e75b1e84f8d7d24cb52fb608) Importer(2089858483,934ff659095e30574adcf32a4c2f97b5)
Start importing Assets/TextMeshProHUI.cs using Guid(9d4387d6e75b1e84f8d7d24cb52fb608) Importer(2089858483,934ff659095e30574adcf32a4c2f97b5)  -> (artifact id: '2fb9696c807b7fae30ed4c77635a39bf') in 0.002213 seconds 
========================================================================
Received Import Request.
  Time since last request: 0.000086 seconds.
  path: Assets/Plugins/GitHub/Editor/GitHub.Unity.dll
  artifactKey: Guid(68c7e4565cde54155bb78d8e935f1dd4) Importer(2089858483,934ff659095e30574adcf32a4c2f97b5)
Start importing Assets/Plugins/GitHub/Editor/GitHub.Unity.dll using Guid(68c7e4565cde54155bb78d8e935f1dd4) Importer(2089858483,934ff659095e30574adcf32a4c2f97b5)  -> (artifact id: 'a6e7d76c8175a2e677adc0144716727f') in 0.011749 seconds 
========================================================================
Received Import Request.
  Time since last request: 0.000090 seconds.
  path: Assets/Plugins/GitHub/Editor/libsfw.so
  artifactKey: Guid(21206c65839f84d0e9ae14bc1fdc68db) Importer(2089858483,934ff659095e30574adcf32a4c2f97b5)
Start importing Assets/Plugins/GitHub/Editor/libsfw.so using Guid(21206c65839f84d0e9ae14bc1fdc68db) Importer(2089858483,934ff659095e30574adcf32a4c2f97b5)  -> (artifact id: 'd6b9afd808510cb16e87eb9f33b765d8') in 0.003087 seconds 
========================================================================
Received Import Request.
  Time since last request: 0.000091 seconds.
  path: Assets/TextMesh Pro/Shaders/TMP_Bitmap-Custom-Atlas.shader
  artifactKey: Guid(48bb5f55d8670e349b6e614913f9d910) Importer(2089858483,934ff659095e30574adcf32a4c2f97b5)
Start importing Assets/TextMesh Pro/Shaders/TMP_Bitmap-Custom-Atlas.shader using Guid(48bb5f55d8670e349b6e614913f9d910) Importer(2089858483,934ff659095e30574adcf32a4c2f97b5)  -> (artifact id: 'b2d9939b8cb0e92efc6c36ee00f3a846') in 0.002696 seconds 
========================================================================
Received Import Request.
  Time since last request: 0.000084 seconds.
  path: Assets/TextMesh Pro/Shaders/TMP_SDF-Mobile Overlay.shader
  artifactKey: Guid(a02a7d8c237544f1962732b55a9aebf1) Importer(2089858483,934ff659095e30574adcf32a4c2f97b5)
Start importing Assets/TextMesh Pro/Shaders/TMP_SDF-Mobile Overlay.shader using Guid(a02a7d8c237544f1962732b55a9aebf1) Importer(2089858483,934ff659095e30574adcf32a4c2f97b5)  -> (artifact id: '3afe999ff1a6d59f33b7b613ba87e91b') in 0.002776 seconds 
========================================================================
Received Import Request.
  Time since last request: 0.000151 seconds.
  path: Assets/TextMesh Pro/Shaders/TMP_Bitmap-Mobile.shader
  artifactKey: Guid(1e3b057af24249748ff873be7fafee47) Importer(2089858483,934ff659095e30574adcf32a4c2f97b5)
Start importing Assets/TextMesh Pro/Shaders/TMP_Bitmap-Mobile.shader using Guid(1e3b057af24249748ff873be7fafee47) Importer(2089858483,934ff659095e30574adcf32a4c2f97b5)  -> (artifact id: 'a54ebf6576e4f05dc1b35c0a4b18a20e') in 0.004229 seconds 
========================================================================
Received Import Request.
  Time since last request: 0.000113 seconds.
  path: Assets/TextMesh Pro/Shaders/TMP_SDF SSD.shader
  artifactKey: Guid(14eb328de4b8eb245bb7cea29e4ac00b) Importer(2089858483,934ff659095e30574adcf32a4c2f97b5)
Start importing Assets/TextMesh Pro/Shaders/TMP_SDF SSD.shader using Guid(14eb328de4b8eb245bb7cea29e4ac00b) Importer(2089858483,934ff659095e30574adcf32a4c2f97b5)  -> (artifact id: '3c6b85bb400eb4c6b28ab5296b0c749c') in 0.002343 seconds 
========================================================================
Received Import Request.
  Time since last request: 0.000160 seconds.
  path: Assets/Plugins/GitHub/Editor/GitHub.Unity.45.dll
  artifactKey: Guid(68c7e4565cde54155bb78d8e935f1ddb) Importer(2089858483,934ff659095e30574adcf32a4c2f97b5)
Start importing Assets/Plugins/GitHub/Editor/GitHub.Unity.45.dll using Guid(68c7e4565cde54155bb78d8e935f1ddb) Importer(2089858483,934ff659095e30574adcf32a4c2f97b5)  -> (artifact id: '39c2197aa03b63a2ab447e20d1609337') in 0.015637 seconds 
========================================================================
Received Import Request.
  Time since last request: 0.000141 seconds.
  path: Assets/TextMesh Pro/Shaders/TMP_SDF-Surface.shader
  artifactKey: Guid(f7ada0af4f174f0694ca6a487b8f543d) Importer(2089858483,934ff659095e30574adcf32a4c2f97b5)
Start importing Assets/TextMesh Pro/Shaders/TMP_SDF-Surface.shader using Guid(f7ada0af4f174f0694ca6a487b8f543d) Importer(2089858483,934ff659095e30574adcf32a4c2f97b5)  -> (artifact id: 'e3f07e8ef41dff408851286b5f670ff4') in 0.002416 seconds 
========================================================================
Received Import Request.
  Time since last request: 0.000146 seconds.
  path: Assets/Plugins/GitHub/Editor/AsyncBridge.Net35.dll
  artifactKey: Guid(d516f2a1bec6a9645a084ef8c9237132) Importer(2089858483,934ff659095e30574adcf32a4c2f97b5)
Start importing Assets/Plugins/GitHub/Editor/AsyncBridge.Net35.dll using Guid(d516f2a1bec6a9645a084ef8c9237132) Importer(2089858483,934ff659095e30574adcf32a4c2f97b5)  -> (artifact id: '40c11c7c48e0df72dc4e9ed2f12193b2') in 0.002929 seconds 
========================================================================
Received Import Request.
  Time since last request: 0.000145 seconds.
  path: Assets/Plugins/GitHub/Editor/GitHub.Logging.dll
  artifactKey: Guid(15ca2bebf173f2d4484686a03a45b56d) Importer(2089858483,934ff659095e30574adcf32a4c2f97b5)
Start importing Assets/Plugins/GitHub/Editor/GitHub.Logging.dll using Guid(15ca2bebf173f2d4484686a03a45b56d) Importer(2089858483,934ff659095e30574adcf32a4c2f97b5)  -> (artifact id: 'e62b479f1887accc207c8e85ac0c158f') in 0.002802 seconds 
========================================================================
Received Import Request.
  Time since last request: 0.000175 seconds.
  path: Assets/TextMesh Pro/Resources/LineBreaking Leading Characters.txt
  artifactKey: Guid(d82c1b31c7e74239bff1220585707d2b) Importer(2089858483,934ff659095e30574adcf32a4c2f97b5)
Start importing Assets/TextMesh Pro/Resources/LineBreaking Leading Characters.txt using Guid(d82c1b31c7e74239bff1220585707d2b) Importer(2089858483,934ff659095e30574adcf32a4c2f97b5)  -> (artifact id: 'f89a3b92e6a38076180033b42f84c7a7') in 0.003917 seconds 
========================================================================
Received Import Request.
  Time since last request: 0.000086 seconds.
  path: Assets/Plugins/GitHub/Editor/eula.txt
  artifactKey: Guid(136dc24f151211d438acee17aff4e934) Importer(2089858483,934ff659095e30574adcf32a4c2f97b5)
Start importing Assets/Plugins/GitHub/Editor/eula.txt using Guid(136dc24f151211d438acee17aff4e934) Importer(2089858483,934ff659095e30574adcf32a4c2f97b5)  -> (artifact id: '7a7b9fabceca15141e9780beb18dcc49') in 0.002580 seconds 
========================================================================
Received Import Request.
  Time since last request: 0.000101 seconds.
  path: Assets/TextMesh Pro/Shaders/TMPro_Mobile.cginc
  artifactKey: Guid(c334973cef89a9840b0b0c507e0377ab) Importer(2089858483,934ff659095e30574adcf32a4c2f97b5)
Start importing Assets/TextMesh Pro/Shaders/TMPro_Mobile.cginc using Guid(c334973cef89a9840b0b0c507e0377ab) Importer(2089858483,934ff659095e30574adcf32a4c2f97b5)  -> (artifact id: 'db7ec4212a5e8f00b924b690fd27d547') in 0.003624 seconds 
========================================================================
Received Import Request.
  Time since last request: 0.000091 seconds.
  path: Assets/TextMesh Pro/Shaders/TMP_Bitmap.shader
  artifactKey: Guid(128e987d567d4e2c824d754223b3f3b0) Importer(2089858483,934ff659095e30574adcf32a4c2f97b5)
Start importing Assets/TextMesh Pro/Shaders/TMP_Bitmap.shader using Guid(128e987d567d4e2c824d754223b3f3b0) Importer(2089858483,934ff659095e30574adcf32a4c2f97b5)  -> (artifact id: 'fd26dd0680c620e90e0367f6a8c03524') in 0.002079 seconds 
========================================================================
Received Import Request.
  Time since last request: 0.000087 seconds.
  path: Assets/TextMesh Pro/Shaders/TMP_SDF Overlay.shader
  artifactKey: Guid(dd89cf5b9246416f84610a006f916af7) Importer(2089858483,934ff659095e30574adcf32a4c2f97b5)
Start importing Assets/TextMesh Pro/Shaders/TMP_SDF Overlay.shader using Guid(dd89cf5b9246416f84610a006f916af7) Importer(2089858483,934ff659095e30574adcf32a4c2f97b5)  -> (artifact id: '1fe2689870f0e5e33efecca6ceb46610') in 0.002997 seconds 
========================================================================
Received Import Request.
  Time since last request: 0.000129 seconds.
  path: Assets/TextMesh Pro/Resources/Fonts & Materials/LiberationSans SDF.asset
  artifactKey: Guid(8f586378b4e144a9851e7b34d9b748ee) Importer(2089858483,934ff659095e30574adcf32a4c2f97b5)
Start importing Assets/TextMesh Pro/Resources/Fonts & Materials/LiberationSans SDF.asset using Guid(8f586378b4e144a9851e7b34d9b748ee) Importer(2089858483,934ff659095e30574adcf32a4c2f97b5)  -> (artifact id: 'b0f3e6e2ed368c55c71778d966e31a06') in 0.014237 seconds 
========================================================================
Received Import Request.
  Time since last request: 0.000087 seconds.
  path: Assets/Prefab/btnRed.prefab
  artifactKey: Guid(e24c71ac551cc3149b59907424942413) Importer(2089858483,934ff659095e30574adcf32a4c2f97b5)
Start importing Assets/Prefab/btnRed.prefab using Guid(e24c71ac551cc3149b59907424942413) Importer(2089858483,934ff659095e30574adcf32a4c2f97b5)  -> (artifact id: 'e88d17bab49f8ca950b83a5cf087b775') in 0.001729 seconds 
========================================================================
Received Import Request.
  Time since last request: 0.000087 seconds.
  path: Assets/Plugins/GitHub/Editor/x64/pthreadVC2.dll
  artifactKey: Guid(868fbb4c41814baebc00f96e24ede2f8) Importer(2089858483,934ff659095e30574adcf32a4c2f97b5)
Start importing Assets/Plugins/GitHub/Editor/x64/pthreadVC2.dll using Guid(868fbb4c41814baebc00f96e24ede2f8) Importer(2089858483,934ff659095e30574adcf32a4c2f97b5)  -> (artifact id: '077333e318fafacab243a8d5011f0bc7') in 0.001784 seconds 
========================================================================
Received Prepare
Registering precompiled user dll's ...
Registered in 0.002133 seconds.
Begin MonoManager ReloadAssembly
Symbol file LoadedFromMemory doesn't match image D:\Coding\BlockGame-main\BlockGame\Library\PackageCache\com.unity.visualscripting@1.6.1\Editor\VisualScripting.Core\Dependencies\YamlDotNet\Unity.VisualScripting.YamlDotNet.dll
Symbol file LoadedFromMemory doesn't match image D:\Coding\BlockGame-main\BlockGame\Library\PackageCache\com.unity.visualscripting@1.6.1\Editor\VisualScripting.Core\Dependencies\DotNetZip\Unity.VisualScripting.IonicZip.dll
Native extension for WindowsStandalone target not found
Refreshing native plugins compatible for Editor in 0.66 ms, found 5 plugins.
Preloading 0 native plugins for Editor in 0.00 ms.
Mono: successfully reloaded assembly
- Completed reload, in  0.675 seconds
Domain Reload Profiling:
	ReloadAssembly (676ms)
		BeginReloadAssembly (83ms)
			ExecutionOrderSort (0ms)
			DisableScriptedObjects (4ms)
			BackupInstance (0ms)
			ReleaseScriptingObjects (0ms)
			CreateAndSetChildDomain (32ms)
		EndReloadAssembly (555ms)
			LoadAssemblies (57ms)
			RebuildTransferFunctionScriptingTraits (0ms)
			SetupTypeCache (214ms)
			ReleaseScriptCaches (1ms)
			RebuildScriptCaches (29ms)
			SetupLoadedEditorAssemblies (190ms)
				LogAssemblyErrors (0ms)
				InitializePlatformSupportModulesInManaged (3ms)
				SetLoadedEditorAssemblies (0ms)
				RefreshPlugins (1ms)
				BeforeProcessingInitializeOnLoad (40ms)
				ProcessInitializeOnLoadAttributes (139ms)
				ProcessInitializeOnLoadMethodAttributes (6ms)
				AfterProcessingInitializeOnLoad (1ms)
				EditorAssembliesLoaded (0ms)
			ExecutionOrderSort2 (0ms)
			AwakeInstancesAfterBackupRestoration (7ms)
Platform modules already initialized, skipping
Switching build target platform(19) subTarget(0) extendedPlatform(0) -> platform(13) subTarget(537395200) extendedPlatform(0)
Refreshing native plugins compatible for Editor in 0.39 ms, found 5 plugins.
Preloading 0 native plugins for Editor in 0.00 ms.
Unloading 3677 Unused Serialized files (Serialized files now loaded: 0)
System memory in use before: 137.1 MB.
System memory in use after: 137.4 MB.

Unloading 21 unused Assets to reduce memory usage. Loaded Objects now: 4193.
Total: 2.481700 ms (FindLiveObjects: 0.194000 ms CreateObjectMapping: 0.075400 ms MarkObjects: 2.199800 ms  DeleteObjects: 0.011900 ms)

AssetImportParameters requested are different than current active one (requested -> active):
  custom:framework-win-MediaFoundation: 216162199b28c13a410421893ffa2e32 -> 
  custom:video-decoder-ogg-theora: a1e56fd34408186e4bbccfd4996cb3dc -> 
  custom:container-muxer-webm: aa71ff27fc2769a1b78a27578f13a17b -> 
  custom:container-demuxer-webm: 4f35f7cbe854078d1ac9338744f61a02 -> 
  custom:container-demuxer-ogg: 62fdf1f143b41e24485cea50d1cbac27 -> 
  custom:video-encoder-webm-vp8: eb34c28f22e8b96e1ab97ce403110664 -> 
  custom:video-decoder-webm-vp8: 9c59270c3fd7afecdb556c50c9e8de78 -> 
  custom:graphics/normal-map-encoding: 01000000000000000000000000000000 -> 02000000000000000000000000000000
  custom:audio-decoder-ogg-vorbis: bf7c407c2cedff20999df2af8eb42d56 -> 
  custom:audio-encoder-webm-vorbis: bf7c407c2cedff20999df2af8eb42d56 -> 
AssetImportWorkerClient::OnTransportError - code=2 error=End of file
